{"/home/david/grunt-apidox/Gruntfile.js":{"path":"/home/david/grunt-apidox/Gruntfile.js","s":{"1":1,"2":1,"3":1,"4":1,"5":1,"6":1,"7":1,"8":1,"9":1,"10":1,"11":1,"12":1},"b":{},"f":{"1":1},"fnMap":{"1":{"name":"(anonymous_1)","line":4,"loc":{"start":{"line":4,"column":17},"end":{"line":5,"column":0}}}},"statementMap":{"1":{"start":{"line":4,"column":0},"end":{"line":53,"column":2}},"2":{"start":{"line":6,"column":4},"end":{"line":40,"column":7}},"3":{"start":{"line":42,"column":4},"end":{"line":42,"column":47}},"4":{"start":{"line":43,"column":4},"end":{"line":43,"column":43}},"5":{"start":{"line":44,"column":4},"end":{"line":44,"column":38}},"6":{"start":{"line":45,"column":4},"end":{"line":45,"column":29}},"7":{"start":{"line":47,"column":4},"end":{"line":47,"column":45}},"8":{"start":{"line":48,"column":4},"end":{"line":48,"column":44}},"9":{"start":{"line":49,"column":4},"end":{"line":49,"column":41}},"10":{"start":{"line":50,"column":4},"end":{"line":50,"column":73}},"11":{"start":{"line":51,"column":4},"end":{"line":51,"column":55}},"12":{"start":{"line":52,"column":4},"end":{"line":52,"column":52}}},"branchMap":{}},"/home/david/grunt-apidox/tasks/apidox.js":{"path":"/home/david/grunt-apidox/tasks/apidox.js","s":{"1":1,"2":1,"3":1,"4":22,"5":22,"6":32,"7":22,"8":49,"9":22,"10":22,"11":22,"12":22,"13":22,"14":2,"15":1,"16":1,"17":2,"18":5,"19":4,"20":4,"21":22,"22":1,"23":2,"24":4,"25":1,"26":22,"27":22,"28":22,"29":7,"30":22,"31":22,"32":22,"33":3,"34":3,"35":3,"36":3,"37":19,"38":19,"39":19,"40":19,"41":22,"42":22,"43":21,"44":21,"45":9,"46":8,"47":6,"48":2,"49":2,"50":2,"51":1,"52":8,"53":8,"54":12,"55":14,"56":14,"57":14},"b":{"1":[32,30],"2":[2,20],"3":[1,1],"4":[4,1],"5":[7,15],"6":[22,20],"7":[3,19],"8":[22,12],"9":[21,1],"10":[9,12],"11":[8,1],"12":[6,2],"13":[1,1]},"f":{"1":1,"2":22,"3":32,"4":2,"5":4,"6":22},"fnMap":{"1":{"name":"(anonymous_1)","line":148,"loc":{"start":{"line":148,"column":17},"end":{"line":149,"column":0}}},"2":{"name":"convert","line":150,"loc":{"start":{"line":150,"column":4},"end":{"line":151,"column":4}}},"3":{"name":"(anonymous_3)","line":154,"loc":{"start":{"line":154,"column":41},"end":{"line":155,"column":8}}},"4":{"name":"readFiles","line":195,"loc":{"start":{"line":195,"column":4},"end":{"line":196,"column":4}}},"5":{"name":"(anonymous_5)","line":197,"loc":{"start":{"line":197,"column":25},"end":{"line":198,"column":8}}},"6":{"name":"(anonymous_6)","line":204,"loc":{"start":{"line":204,"column":4},"end":{"line":205,"column":4}}}},"statementMap":{"1":{"start":{"line":145,"column":0},"end":{"line":146,"column":31}},"2":{"start":{"line":148,"column":0},"end":{"line":283,"column":2}},"3":{"start":{"line":150,"column":4},"end":{"line":193,"column":5}},"4":{"start":{"line":152,"column":8},"end":{"line":152,"column":57}},"5":{"start":{"line":154,"column":8},"end":{"line":157,"column":11}},"6":{"start":{"line":156,"column":12},"end":{"line":156,"column":101}},"7":{"start":{"line":160,"column":8},"end":{"line":163,"column":9}},"8":{"start":{"line":162,"column":12},"end":{"line":162,"column":39}},"9":{"start":{"line":166,"column":8},"end":{"line":166,"column":32}},"10":{"start":{"line":167,"column":8},"end":{"line":167,"column":34}},"11":{"start":{"line":168,"column":8},"end":{"line":168,"column":20}},"12":{"start":{"line":170,"column":8},"end":{"line":170,"column":28}},"13":{"start":{"line":172,"column":8},"end":{"line":190,"column":9}},"14":{"start":{"line":174,"column":12},"end":{"line":178,"column":13}},"15":{"start":{"line":176,"column":16},"end":{"line":176,"column":90}},"16":{"start":{"line":177,"column":16},"end":{"line":177,"column":76}},"17":{"start":{"line":181,"column":12},"end":{"line":188,"column":13}},"18":{"start":{"line":183,"column":16},"end":{"line":187,"column":17}},"19":{"start":{"line":185,"column":20},"end":{"line":185,"column":130}},"20":{"start":{"line":186,"column":20},"end":{"line":186,"column":78}},"21":{"start":{"line":192,"column":8},"end":{"line":192,"column":38}},"22":{"start":{"line":195,"column":4},"end":{"line":201,"column":5}},"23":{"start":{"line":197,"column":8},"end":{"line":200,"column":20}},"24":{"start":{"line":199,"column":12},"end":{"line":199,"column":38}},"25":{"start":{"line":203,"column":4},"end":{"line":282,"column":7}},"26":{"start":{"line":206,"column":8},"end":{"line":206,"column":40}},"27":{"start":{"line":208,"column":8},"end":{"line":209,"column":52}},"28":{"start":{"line":211,"column":8},"end":{"line":215,"column":9}},"29":{"start":{"line":214,"column":12},"end":{"line":214,"column":30}},"30":{"start":{"line":217,"column":8},"end":{"line":281,"column":9}},"31":{"start":{"line":219,"column":12},"end":{"line":219,"column":28}},"32":{"start":{"line":221,"column":12},"end":{"line":234,"column":13}},"33":{"start":{"line":223,"column":16},"end":{"line":223,"column":28}},"34":{"start":{"line":224,"column":16},"end":{"line":224,"column":30}},"35":{"start":{"line":225,"column":16},"end":{"line":225,"column":30}},"36":{"start":{"line":226,"column":16},"end":{"line":226,"column":25}},"37":{"start":{"line":230,"column":16},"end":{"line":230,"column":41}},"38":{"start":{"line":231,"column":16},"end":{"line":231,"column":34}},"39":{"start":{"line":232,"column":16},"end":{"line":232,"column":36}},"40":{"start":{"line":233,"column":16},"end":{"line":233,"column":36}},"41":{"start":{"line":236,"column":12},"end":{"line":236,"column":50}},"42":{"start":{"line":238,"column":12},"end":{"line":280,"column":13}},"43":{"start":{"line":240,"column":16},"end":{"line":240,"column":49}},"44":{"start":{"line":242,"column":16},"end":{"line":279,"column":17}},"45":{"start":{"line":244,"column":20},"end":{"line":263,"column":21}},"46":{"start":{"line":246,"column":24},"end":{"line":259,"column":25}},"47":{"start":{"line":248,"column":28},"end":{"line":248,"column":45}},"48":{"start":{"line":252,"column":28},"end":{"line":252,"column":40}},"49":{"start":{"line":253,"column":28},"end":{"line":253,"column":61}},"50":{"start":{"line":255,"column":28},"end":{"line":258,"column":29}},"51":{"start":{"line":257,"column":32},"end":{"line":257,"column":55}},"52":{"start":{"line":261,"column":24},"end":{"line":261,"column":62}},"53":{"start":{"line":262,"column":24},"end":{"line":262,"column":52}},"54":{"start":{"line":267,"column":20},"end":{"line":278,"column":21}},"55":{"start":{"line":269,"column":24},"end":{"line":269,"column":41}},"56":{"start":{"line":270,"column":24},"end":{"line":276,"column":67}},"57":{"start":{"line":277,"column":24},"end":{"line":277,"column":52}}},"branchMap":{"1":{"line":156,"type":"binary-expr","locations":[{"start":{"line":156,"column":52},"end":{"line":156,"column":78}},{"start":{"line":156,"column":82},"end":{"line":156,"column":83}}]},"2":{"line":172,"type":"if","locations":[{"start":{"line":172,"column":8},"end":{"line":172,"column":8}},{"start":{"line":172,"column":8},"end":{"line":172,"column":8}}]},"3":{"line":174,"type":"if","locations":[{"start":{"line":174,"column":12},"end":{"line":174,"column":12}},{"start":{"line":174,"column":12},"end":{"line":174,"column":12}}]},"4":{"line":183,"type":"if","locations":[{"start":{"line":183,"column":16},"end":{"line":183,"column":16}},{"start":{"line":183,"column":16},"end":{"line":183,"column":16}}]},"5":{"line":211,"type":"if","locations":[{"start":{"line":211,"column":8},"end":{"line":211,"column":8}},{"start":{"line":211,"column":8},"end":{"line":211,"column":8}}]},"6":{"line":211,"type":"binary-expr","locations":[{"start":{"line":211,"column":13},"end":{"line":211,"column":39}},{"start":{"line":212,"column":13},"end":{"line":212,"column":40}}]},"7":{"line":221,"type":"if","locations":[{"start":{"line":221,"column":12},"end":{"line":221,"column":12}},{"start":{"line":221,"column":12},"end":{"line":221,"column":12}}]},"8":{"line":236,"type":"binary-expr","locations":[{"start":{"line":236,"column":36},"end":{"line":236,"column":42}},{"start":{"line":236,"column":46},"end":{"line":236,"column":48}}]},"9":{"line":238,"type":"if","locations":[{"start":{"line":238,"column":12},"end":{"line":238,"column":12}},{"start":{"line":238,"column":12},"end":{"line":238,"column":12}}]},"10":{"line":242,"type":"if","locations":[{"start":{"line":242,"column":16},"end":{"line":242,"column":16}},{"start":{"line":242,"column":16},"end":{"line":242,"column":16}}]},"11":{"line":244,"type":"if","locations":[{"start":{"line":244,"column":20},"end":{"line":244,"column":20}},{"start":{"line":244,"column":20},"end":{"line":244,"column":20}}]},"12":{"line":246,"type":"if","locations":[{"start":{"line":246,"column":24},"end":{"line":246,"column":24}},{"start":{"line":246,"column":24},"end":{"line":246,"column":24}}]},"13":{"line":255,"type":"if","locations":[{"start":{"line":255,"column":28},"end":{"line":255,"column":28}},{"start":{"line":255,"column":28},"end":{"line":255,"column":28}}]}}}}