{"/home/david/Private/hub/common/grunt-apidox/Gruntfile.js":{"path":"/home/david/Private/hub/common/grunt-apidox/Gruntfile.js","s":{"1":1,"2":1,"3":1,"4":1,"5":1,"6":1,"7":1,"8":1,"9":1,"10":1,"11":1,"12":1,"13":1},"b":{},"f":{"1":1},"fnMap":{"1":{"name":"(anonymous_1)","line":4,"loc":{"start":{"line":4,"column":17},"end":{"line":5,"column":0}}}},"statementMap":{"1":{"start":{"line":2,"column":0},"end":{"line":2,"column":13}},"2":{"start":{"line":4,"column":0},"end":{"line":52,"column":2}},"3":{"start":{"line":6,"column":4},"end":{"line":39,"column":7}},"4":{"start":{"line":41,"column":4},"end":{"line":41,"column":39}},"5":{"start":{"line":42,"column":4},"end":{"line":42,"column":43}},"6":{"start":{"line":43,"column":4},"end":{"line":43,"column":37}},"7":{"start":{"line":44,"column":4},"end":{"line":44,"column":29}},"8":{"start":{"line":46,"column":4},"end":{"line":46,"column":41}},"9":{"start":{"line":47,"column":4},"end":{"line":47,"column":44}},"10":{"start":{"line":48,"column":4},"end":{"line":48,"column":41}},"11":{"start":{"line":49,"column":4},"end":{"line":49,"column":71}},"12":{"start":{"line":50,"column":4},"end":{"line":50,"column":54}},"13":{"start":{"line":51,"column":4},"end":{"line":51,"column":59}}},"branchMap":{}},"/home/david/Private/hub/common/grunt-apidox/tasks/apidox.js":{"path":"/home/david/Private/hub/common/grunt-apidox/tasks/apidox.js","s":{"1":1,"2":1,"3":1,"4":1,"5":17,"6":17,"7":41,"8":17,"9":17,"10":17,"11":17,"12":1,"13":2,"14":4,"15":1,"16":17,"17":17,"18":17,"19":2,"20":17,"21":17,"22":17,"23":2,"24":2,"25":2,"26":2,"27":15,"28":15,"29":15,"30":15,"31":17,"32":17,"33":16,"34":16,"35":9,"36":8,"37":6,"38":2,"39":2,"40":2,"41":1,"42":8,"43":8,"44":7,"45":9,"46":9,"47":9},"b":{"1":[2,15],"2":[17,16],"3":[2,15],"4":[17,7],"5":[16,1],"6":[9,7],"7":[8,1],"8":[6,2],"9":[1,1]},"f":{"1":1,"2":17,"3":2,"4":4,"5":17},"fnMap":{"1":{"name":"(anonymous_1)","line":119,"loc":{"start":{"line":119,"column":17},"end":{"line":120,"column":0}}},"2":{"name":"convert","line":121,"loc":{"start":{"line":121,"column":4},"end":{"line":122,"column":4}}},"3":{"name":"readFiles","line":139,"loc":{"start":{"line":139,"column":4},"end":{"line":140,"column":4}}},"4":{"name":"(anonymous_4)","line":141,"loc":{"start":{"line":141,"column":25},"end":{"line":142,"column":8}}},"5":{"name":"(anonymous_5)","line":148,"loc":{"start":{"line":148,"column":4},"end":{"line":149,"column":4}}}},"statementMap":{"1":{"start":{"line":114,"column":0},"end":{"line":114,"column":13}},"2":{"start":{"line":116,"column":0},"end":{"line":117,"column":31}},"3":{"start":{"line":119,"column":0},"end":{"line":227,"column":2}},"4":{"start":{"line":121,"column":4},"end":{"line":137,"column":5}},"5":{"start":{"line":123,"column":8},"end":{"line":123,"column":39}},"6":{"start":{"line":126,"column":8},"end":{"line":129,"column":9}},"7":{"start":{"line":128,"column":12},"end":{"line":128,"column":39}},"8":{"start":{"line":132,"column":8},"end":{"line":132,"column":32}},"9":{"start":{"line":133,"column":8},"end":{"line":133,"column":34}},"10":{"start":{"line":134,"column":8},"end":{"line":134,"column":20}},"11":{"start":{"line":136,"column":8},"end":{"line":136,"column":48}},"12":{"start":{"line":139,"column":4},"end":{"line":145,"column":5}},"13":{"start":{"line":141,"column":8},"end":{"line":144,"column":20}},"14":{"start":{"line":143,"column":12},"end":{"line":143,"column":38}},"15":{"start":{"line":147,"column":4},"end":{"line":226,"column":7}},"16":{"start":{"line":150,"column":8},"end":{"line":150,"column":40}},"17":{"start":{"line":152,"column":8},"end":{"line":153,"column":52}},"18":{"start":{"line":155,"column":8},"end":{"line":159,"column":9}},"19":{"start":{"line":158,"column":12},"end":{"line":158,"column":30}},"20":{"start":{"line":161,"column":8},"end":{"line":225,"column":9}},"21":{"start":{"line":163,"column":12},"end":{"line":163,"column":28}},"22":{"start":{"line":165,"column":12},"end":{"line":178,"column":13}},"23":{"start":{"line":167,"column":16},"end":{"line":167,"column":28}},"24":{"start":{"line":168,"column":16},"end":{"line":168,"column":30}},"25":{"start":{"line":169,"column":16},"end":{"line":169,"column":30}},"26":{"start":{"line":170,"column":16},"end":{"line":170,"column":25}},"27":{"start":{"line":174,"column":16},"end":{"line":174,"column":41}},"28":{"start":{"line":175,"column":16},"end":{"line":175,"column":34}},"29":{"start":{"line":176,"column":16},"end":{"line":176,"column":36}},"30":{"start":{"line":177,"column":16},"end":{"line":177,"column":36}},"31":{"start":{"line":180,"column":12},"end":{"line":180,"column":50}},"32":{"start":{"line":182,"column":12},"end":{"line":224,"column":13}},"33":{"start":{"line":184,"column":16},"end":{"line":184,"column":49}},"34":{"start":{"line":186,"column":16},"end":{"line":223,"column":17}},"35":{"start":{"line":188,"column":20},"end":{"line":207,"column":21}},"36":{"start":{"line":190,"column":24},"end":{"line":203,"column":25}},"37":{"start":{"line":192,"column":28},"end":{"line":192,"column":45}},"38":{"start":{"line":196,"column":28},"end":{"line":196,"column":46}},"39":{"start":{"line":197,"column":28},"end":{"line":197,"column":61}},"40":{"start":{"line":199,"column":28},"end":{"line":202,"column":29}},"41":{"start":{"line":201,"column":32},"end":{"line":201,"column":55}},"42":{"start":{"line":205,"column":24},"end":{"line":205,"column":62}},"43":{"start":{"line":206,"column":24},"end":{"line":206,"column":52}},"44":{"start":{"line":211,"column":20},"end":{"line":222,"column":21}},"45":{"start":{"line":213,"column":24},"end":{"line":213,"column":41}},"46":{"start":{"line":214,"column":24},"end":{"line":220,"column":67}},"47":{"start":{"line":221,"column":24},"end":{"line":221,"column":52}}},"branchMap":{"1":{"line":155,"type":"if","locations":[{"start":{"line":155,"column":8},"end":{"line":155,"column":8}},{"start":{"line":155,"column":8},"end":{"line":155,"column":8}}]},"2":{"line":155,"type":"binary-expr","locations":[{"start":{"line":155,"column":13},"end":{"line":155,"column":39}},{"start":{"line":156,"column":13},"end":{"line":156,"column":40}}]},"3":{"line":165,"type":"if","locations":[{"start":{"line":165,"column":12},"end":{"line":165,"column":12}},{"start":{"line":165,"column":12},"end":{"line":165,"column":12}}]},"4":{"line":180,"type":"binary-expr","locations":[{"start":{"line":180,"column":36},"end":{"line":180,"column":42}},{"start":{"line":180,"column":46},"end":{"line":180,"column":48}}]},"5":{"line":182,"type":"if","locations":[{"start":{"line":182,"column":12},"end":{"line":182,"column":12}},{"start":{"line":182,"column":12},"end":{"line":182,"column":12}}]},"6":{"line":186,"type":"if","locations":[{"start":{"line":186,"column":16},"end":{"line":186,"column":16}},{"start":{"line":186,"column":16},"end":{"line":186,"column":16}}]},"7":{"line":188,"type":"if","locations":[{"start":{"line":188,"column":20},"end":{"line":188,"column":20}},{"start":{"line":188,"column":20},"end":{"line":188,"column":20}}]},"8":{"line":190,"type":"if","locations":[{"start":{"line":190,"column":24},"end":{"line":190,"column":24}},{"start":{"line":190,"column":24},"end":{"line":190,"column":24}}]},"9":{"line":199,"type":"if","locations":[{"start":{"line":199,"column":28},"end":{"line":199,"column":28}},{"start":{"line":199,"column":28},"end":{"line":199,"column":28}}]}}}}