TN:
SF:Gruntfile.js
FN:4,module.exports
FNF:1
FNH:1
FNDA:1,module.exports
DA:1,1
DA:2,1
DA:3,1
DA:4,1
DA:5,1
DA:6,1
DA:7,1
DA:8,1
DA:9,1
DA:10,1
DA:11,1
DA:12,1
DA:13,1
DA:14,1
DA:15,1
DA:16,1
DA:17,1
DA:18,1
DA:19,1
DA:20,1
DA:21,1
DA:22,1
DA:23,1
DA:24,1
DA:25,1
DA:26,1
DA:27,1
DA:28,1
DA:29,1
DA:30,1
DA:31,1
DA:32,1
DA:33,1
DA:34,1
DA:35,1
DA:36,1
DA:37,1
DA:38,1
DA:39,1
DA:40,1
DA:41,1
DA:42,1
DA:43,1
DA:44,1
DA:45,1
DA:46,1
DA:47,1
DA:48,1
DA:49,1
DA:50,1
DA:51,1
DA:52,1
DA:53,1
DA:54,1
LF:54
LH:54
BRDA:1,0,0,1
BRDA:4,1,0,1
BRF:2
BRH:2
end_of_record
TN:
SF:tasks/apidox.js
FN:149,module.exports
FN:153,convert
FN:207,readFiles
FNF:3
FNH:3
FNDA:1,module.exports
FNDA:24,convert
FNDA:2,readFiles
DA:1,1
DA:2,1
DA:3,1
DA:4,1
DA:5,1
DA:6,1
DA:7,1
DA:8,1
DA:9,1
DA:10,1
DA:11,1
DA:12,1
DA:13,1
DA:14,1
DA:15,1
DA:16,1
DA:17,1
DA:18,1
DA:19,1
DA:20,1
DA:21,1
DA:22,1
DA:23,1
DA:24,1
DA:25,1
DA:26,1
DA:27,1
DA:28,1
DA:29,1
DA:30,1
DA:31,1
DA:32,1
DA:33,1
DA:34,1
DA:35,1
DA:36,1
DA:37,1
DA:38,1
DA:39,1
DA:40,1
DA:41,1
DA:42,1
DA:43,1
DA:44,1
DA:45,1
DA:46,1
DA:47,1
DA:48,1
DA:49,1
DA:50,1
DA:51,1
DA:52,1
DA:53,1
DA:54,1
DA:55,1
DA:56,1
DA:57,1
DA:58,1
DA:59,1
DA:60,1
DA:61,1
DA:62,1
DA:63,1
DA:64,1
DA:65,1
DA:66,1
DA:67,1
DA:68,1
DA:69,1
DA:70,1
DA:71,1
DA:72,1
DA:73,1
DA:74,1
DA:75,1
DA:76,1
DA:77,1
DA:78,1
DA:79,1
DA:80,1
DA:81,1
DA:82,1
DA:83,1
DA:84,1
DA:85,1
DA:86,1
DA:87,1
DA:88,1
DA:89,1
DA:90,1
DA:91,1
DA:92,1
DA:93,1
DA:94,1
DA:95,1
DA:96,1
DA:97,1
DA:98,1
DA:99,1
DA:100,1
DA:101,1
DA:102,1
DA:103,1
DA:104,1
DA:105,1
DA:106,1
DA:107,1
DA:108,1
DA:109,1
DA:110,1
DA:111,1
DA:112,1
DA:113,1
DA:114,1
DA:115,1
DA:116,1
DA:117,1
DA:118,1
DA:119,1
DA:120,1
DA:121,1
DA:122,1
DA:123,1
DA:124,1
DA:125,1
DA:126,1
DA:127,1
DA:128,1
DA:129,1
DA:130,1
DA:131,1
DA:132,1
DA:133,1
DA:134,1
DA:135,1
DA:136,1
DA:137,1
DA:138,1
DA:139,1
DA:140,1
DA:141,1
DA:142,1
DA:143,1
DA:144,1
DA:145,1
DA:146,1
DA:147,1
DA:148,1
DA:149,1
DA:150,1
DA:151,1
DA:152,1
DA:153,1
DA:154,24
DA:155,24
DA:156,24
DA:157,24
DA:158,53
DA:159,53
DA:160,24
DA:161,24
DA:162,24
DA:163,24
DA:164,24
DA:165,52
DA:166,52
DA:167,24
DA:168,24
DA:169,24
DA:170,24
DA:171,24
DA:172,24
DA:173,24
DA:174,24
DA:175,24
DA:176,24
DA:177,24
DA:178,24
DA:179,24
DA:180,24
DA:181,24
DA:182,24
DA:183,24
DA:184,24
DA:185,24
DA:186,2
DA:187,2
DA:188,1
DA:189,1
DA:190,1
DA:191,2
DA:192,2
DA:193,2
DA:194,2
DA:195,5
DA:196,5
DA:197,4
DA:198,4
DA:199,4
DA:200,5
DA:201,2
DA:202,2
DA:203,24
DA:204,24
DA:205,24
DA:206,1
DA:207,1
DA:208,2
DA:209,2
DA:210,4
DA:211,4
DA:212,2
DA:213,2
DA:214,1
DA:215,1
DA:216,1
DA:217,24
DA:218,24
DA:219,24
DA:220,24
DA:221,24
DA:222,24
DA:223,24
DA:224,24
DA:225,24
DA:226,9
DA:227,9
DA:228,24
DA:229,24
DA:230,24
DA:231,24
DA:232,24
DA:233,24
DA:234,24
DA:235,3
DA:236,3
DA:237,3
DA:238,3
DA:239,3
DA:240,21
DA:241,21
DA:242,21
DA:243,21
DA:244,21
DA:245,21
DA:246,21
DA:247,24
DA:248,24
DA:249,24
DA:250,24
DA:251,24
DA:252,23
DA:253,23
DA:254,23
DA:255,23
DA:256,9
DA:257,9
DA:258,8
DA:259,8
DA:260,6
DA:261,6
DA:262,2
DA:263,2
DA:264,2
DA:265,2
DA:266,2
DA:267,2
DA:268,2
DA:269,1
DA:270,1
DA:271,2
DA:272,8
DA:273,8
DA:274,8
DA:275,8
DA:276,9
DA:277,14
DA:278,14
DA:279,14
DA:280,14
DA:281,16
DA:282,16
DA:283,16
DA:284,16
DA:285,16
DA:286,16
DA:287,16
DA:288,16
DA:289,16
DA:290,16
DA:291,14
DA:292,23
DA:293,24
DA:294,1
DA:295,1
LF:295
LH:295
BRDA:1,0,0,1
BRDA:149,1,0,1
BRDA:153,2,0,24
BRDA:164,3,0,52
BRDA:185,4,0,2
BRDA:187,5,0,1
BRDA:194,6,0,5
BRDA:196,7,0,4
BRDA:157,8,0,53
BRDA:159,9,0,50
BRDA:172,10,0,24
BRDA:207,11,0,2
BRDA:209,12,0,4
BRDA:216,13,0,24
BRDA:223,14,0,22
BRDA:225,15,0,9
BRDA:234,16,0,3
BRDA:240,17,0,21
BRDA:248,18,0,14
BRDA:251,19,0,23
BRDA:255,20,0,9
BRDA:257,21,0,8
BRDA:259,22,0,6
BRDA:262,23,0,2
BRDA:268,24,0,1
BRDA:277,25,0,14
BRDA:280,26,0,16
BRF:27
BRH:27
end_of_record
