TN:
SF:tasks/apidox.js
FN:151,jsdoctypeparser.parse
FN:164,module.exports
FN:168,convert
FN:222,readFiles
FNF:4
FNH:4
FNDA:51,jsdoctypeparser.parse
FNDA:2,module.exports
FNDA:24,convert
FNDA:2,readFiles
DA:1,2
DA:2,2
DA:3,2
DA:4,2
DA:5,2
DA:6,2
DA:7,2
DA:8,2
DA:9,2
DA:10,2
DA:11,2
DA:12,2
DA:13,2
DA:14,2
DA:15,2
DA:16,2
DA:17,2
DA:18,2
DA:19,2
DA:20,2
DA:21,2
DA:22,2
DA:23,2
DA:24,2
DA:25,2
DA:26,2
DA:27,2
DA:28,2
DA:29,2
DA:30,2
DA:31,2
DA:32,2
DA:33,2
DA:34,2
DA:35,2
DA:36,2
DA:37,2
DA:38,2
DA:39,2
DA:40,2
DA:41,2
DA:42,2
DA:43,2
DA:44,2
DA:45,2
DA:46,2
DA:47,2
DA:48,2
DA:49,2
DA:50,2
DA:51,2
DA:52,2
DA:53,2
DA:54,2
DA:55,2
DA:56,2
DA:57,2
DA:58,2
DA:59,2
DA:60,2
DA:61,2
DA:62,2
DA:63,2
DA:64,2
DA:65,2
DA:66,2
DA:67,2
DA:68,2
DA:69,2
DA:70,2
DA:71,2
DA:72,2
DA:73,2
DA:74,2
DA:75,2
DA:76,2
DA:77,2
DA:78,2
DA:79,2
DA:80,2
DA:81,2
DA:82,2
DA:83,2
DA:84,2
DA:85,2
DA:86,2
DA:87,2
DA:88,2
DA:89,2
DA:90,2
DA:91,2
DA:92,2
DA:93,2
DA:94,2
DA:95,2
DA:96,2
DA:97,2
DA:98,2
DA:99,2
DA:100,2
DA:101,2
DA:102,2
DA:103,2
DA:104,2
DA:105,2
DA:106,2
DA:107,2
DA:108,2
DA:109,2
DA:110,2
DA:111,2
DA:112,2
DA:113,2
DA:114,2
DA:115,2
DA:116,2
DA:117,2
DA:118,2
DA:119,2
DA:120,2
DA:121,2
DA:122,2
DA:123,2
DA:124,2
DA:125,2
DA:126,2
DA:127,2
DA:128,2
DA:129,2
DA:130,2
DA:131,2
DA:132,2
DA:133,2
DA:134,2
DA:135,2
DA:136,2
DA:137,2
DA:138,2
DA:139,2
DA:140,2
DA:141,2
DA:142,2
DA:143,2
DA:144,2
DA:145,2
DA:146,2
DA:147,2
DA:148,2
DA:149,2
DA:150,2
DA:151,2
DA:152,51
DA:153,51
DA:154,51
DA:155,51
DA:156,51
DA:157,17
DA:158,17
DA:159,17
DA:160,51
DA:161,51
DA:162,51
DA:163,2
DA:164,2
DA:165,2
DA:166,2
DA:167,2
DA:168,2
DA:169,24
DA:170,24
DA:171,24
DA:172,24
DA:173,70
DA:174,70
DA:175,24
DA:176,24
DA:177,24
DA:178,24
DA:179,24
DA:180,52
DA:181,52
DA:182,24
DA:183,24
DA:184,24
DA:185,24
DA:186,24
DA:187,24
DA:188,24
DA:189,24
DA:190,24
DA:191,24
DA:192,24
DA:193,24
DA:194,24
DA:195,24
DA:196,24
DA:197,24
DA:198,24
DA:199,24
DA:200,24
DA:201,2
DA:202,2
DA:203,1
DA:204,1
DA:205,1
DA:206,2
DA:207,2
DA:208,2
DA:209,2
DA:210,5
DA:211,5
DA:212,4
DA:213,4
DA:214,4
DA:215,5
DA:216,2
DA:217,2
DA:218,24
DA:219,24
DA:220,24
DA:221,2
DA:222,2
DA:223,2
DA:224,2
DA:225,4
DA:226,4
DA:227,2
DA:228,2
DA:229,2
DA:230,2
DA:231,2
DA:232,24
DA:233,24
DA:234,24
DA:235,24
DA:236,24
DA:237,24
DA:238,24
DA:239,24
DA:240,24
DA:241,9
DA:242,9
DA:243,24
DA:244,24
DA:245,24
DA:246,24
DA:247,24
DA:248,24
DA:249,24
DA:250,3
DA:251,3
DA:252,3
DA:253,3
DA:254,3
DA:255,21
DA:256,21
DA:257,21
DA:258,21
DA:259,21
DA:260,21
DA:261,21
DA:262,24
DA:263,24
DA:264,24
DA:265,24
DA:266,24
DA:267,23
DA:268,23
DA:269,23
DA:270,23
DA:271,9
DA:272,9
DA:273,8
DA:274,8
DA:275,6
DA:276,6
DA:277,2
DA:278,2
DA:279,2
DA:280,2
DA:281,2
DA:282,2
DA:283,2
DA:284,1
DA:285,1
DA:286,2
DA:287,8
DA:288,8
DA:289,8
DA:290,8
DA:291,9
DA:292,14
DA:293,14
DA:294,14
DA:295,14
DA:296,16
DA:297,16
DA:298,16
DA:299,16
DA:300,16
DA:301,16
DA:302,16
DA:303,16
DA:304,16
DA:305,16
DA:306,14
DA:307,23
DA:308,24
DA:309,2
DA:310,2
LF:310
LH:310
BRDA:1,0,0,2
BRDA:151,1,0,51
BRDA:155,2,0,68
BRDA:156,3,0,17
BRDA:164,4,0,2
BRDA:168,5,0,24
BRDA:179,6,0,52
BRDA:200,7,0,2
BRDA:202,8,0,1
BRDA:209,9,0,5
BRDA:211,10,0,4
BRDA:172,11,0,70
BRDA:174,12,0,66
BRDA:187,13,0,24
BRDA:222,14,0,2
BRDA:224,15,0,4
BRDA:231,16,0,24
BRDA:238,17,0,22
BRDA:240,18,0,9
BRDA:249,19,0,3
BRDA:255,20,0,21
BRDA:263,21,0,14
BRDA:266,22,0,23
BRDA:270,23,0,9
BRDA:272,24,0,8
BRDA:274,25,0,6
BRDA:277,26,0,2
BRDA:283,27,0,1
BRDA:292,28,0,14
BRDA:295,29,0,16
BRF:30
BRH:30
end_of_record
